        -:    0:Source:test.c
        -:    0:Graph:test.gcno
        -:    0:Data:test.gcda
        -:    0:Runs:2
        -:    0:Programs:1
        -:    1:#include <stdio.h>
        -:    2:
function main called 2 returned 100% blocks executed 100%
        2:    3:int main(){
        2:    4:	int cnt=0;
        -:    5:	
       22:    6:	for(int i=0; i<10; ++i){
branch  0 taken 20
branch  1 taken 2
       20:    7:		cnt++;
       20:    8:		printf("%d\n", cnt);
       20:    9:	}
        -:   10:
        2:   11:	return 0;
        -:   12:}
