        -:    0:Source:test.c
        -:    0:Graph:test.gcno
        -:    0:Data:test.gcda
        -:    0:Runs:1
        -:    0:Programs:1
        -:    1:#include <stdio.h>
        -:    2:
function main called 1 returned 100% blocks executed 100%
        1:    3:int main(){
        1:    4:	int cnt=0;
        -:    5:	
       11:    6:	for(int i=0; i<10; ++i){
branch  0 taken 10
branch  1 taken 1
       10:    7:		cnt++;
       10:    8:		printf("%d\n", cnt);
       10:    9:	}
        -:   10:
        1:   11:	return 0;
        -:   12:}
